[debug] [2024-10-19T08:31:57.040Z] ----------------------------------------------------------------------
[debug] [2024-10-19T08:31:57.048Z] Command:       C:\Program Files\nodejs\node.exe C:\Users\HP\AppData\Roaming\npm\node_modules\firebase-tools\lib\bin\firebase.js init
[debug] [2024-10-19T08:31:57.048Z] CLI Version:   13.22.1
[debug] [2024-10-19T08:31:57.049Z] Platform:      win32
[debug] [2024-10-19T08:31:57.049Z] Node Version:  v20.9.0
[debug] [2024-10-19T08:31:57.049Z] Time:          Sat Oct 19 2024 11:31:57 GMT+0300 (East Africa Time)
[debug] [2024-10-19T08:31:57.050Z] ----------------------------------------------------------------------
[debug] 
[debug] [2024-10-19T08:31:57.065Z] > command requires scopes: ["email","openid","https://www.googleapis.com/auth/cloudplatformprojects.readonly","https://www.googleapis.com/auth/firebase","https://www.googleapis.com/auth/cloud-platform"]
[debug] [2024-10-19T08:31:57.066Z] > authorizing via signed-in user (otienovincentofficial@gmail.com)
[info] 
     ######## #### ########  ######## ########     ###     ######  ########
     ##        ##  ##     ## ##       ##     ##  ##   ##  ##       ##
     ######    ##  ########  ######   ########  #########  ######  ######
     ##        ##  ##    ##  ##       ##     ## ##     ##       ## ##
     ##       #### ##     ## ######## ########  ##     ##  ######  ########

You're about to initialize a Firebase project in this directory:

  G:\ORIGIN HACK\Originfest-hack

[info] 
=== Project Setup
[info] 
[info] First, let's associate this project directory with a Firebase project.
[info] You can create multiple project aliases by running firebase use --add, 
[info] but for now we'll just set up a default project.
[info] 
[debug] [2024-10-19T08:32:18.339Z] Checked if tokens are valid: true, expires at: 1729329992340
[debug] [2024-10-19T08:32:18.340Z] Checked if tokens are valid: true, expires at: 1729329992340
[debug] [2024-10-19T08:32:18.344Z] >>> [apiv2][query] GET https://firebase.googleapis.com/v1beta1/projects pageSize=100
[debug] [2024-10-19T08:32:20.578Z] <<< [apiv2][status] GET https://firebase.googleapis.com/v1beta1/projects 200
[debug] [2024-10-19T08:32:20.578Z] <<< [apiv2][body] GET https://firebase.googleapis.com/v1beta1/projects [omitted]
[info] i  Using project originhackathon-comm (originhackathon-comm) 
[info] 
=== Hosting Setup
[debug] [2024-10-19T08:32:27.122Z] Checked if tokens are valid: true, expires at: 1729329992340
[debug] [2024-10-19T08:32:27.122Z] Checked if tokens are valid: true, expires at: 1729329992340
[debug] [2024-10-19T08:32:27.122Z] >>> [apiv2][query] GET https://firebase.googleapis.com/v1beta1/projects/originhackathon-comm [none]
[debug] [2024-10-19T08:32:27.922Z] <<< [apiv2][status] GET https://firebase.googleapis.com/v1beta1/projects/originhackathon-comm 200
[debug] [2024-10-19T08:32:27.923Z] <<< [apiv2][body] GET https://firebase.googleapis.com/v1beta1/projects/originhackathon-comm {"projectId":"originhackathon-comm","projectNumber":"707961341565","displayName":"originhackathon-comm","name":"projects/originhackathon-comm","resources":{"hostingSite":"originhackathon-comm"},"state":"ACTIVE","etag":"1_3d497808-3d59-477b-97ea-c984f0e4529d"}
[info] 
[info] Your public directory is the folder (relative to your project directory) that
[info] will contain Hosting assets to be uploaded with firebase deploy. If you
[info] have a build process for your assets, use your build's output directory.
[info] 
[debug] [2024-10-19T08:33:54.071Z] >>> [apiv2][query] GET https://www.gstatic.com/firebasejs/releases.json [none]
[debug] [2024-10-19T08:33:54.629Z] <<< [apiv2][status] GET https://www.gstatic.com/firebasejs/releases.json 200
[debug] [2024-10-19T08:33:54.630Z] <<< [apiv2][body] GET https://www.gstatic.com/firebasejs/releases.json {"current":{"version":"10.14.1","browserURL":"https://www.gstatic.com/firebasejs/10.14.1/firebase.js","packageURL":"https://www.gstatic.com/firebasejs/10.14.1/firebase.tgz"},"live":{"version":"10.14","browserURL":"https://www.gstatic.com/firebasejs/live/10.14/firebase.js","packageURL":"https://www.gstatic.com/firebasejs/live/10.14/firebase.tgz"},"components":{"analytics":"https://www.gstatic.com/firebasejs/10.14.1/firebase-analytics.js","app":"https://www.gstatic.com/firebasejs/10.14.1/firebase-app.js","app-check":"https://www.gstatic.com/firebasejs/10.14.1/firebase-app-check.js","auth":"https://www.gstatic.com/firebasejs/10.14.1/firebase-auth.js","auth/cordova":"https://www.gstatic.com/firebasejs/10.14.1/firebase-auth/cordova.js","auth/web-extension":"https://www.gstatic.com/firebasejs/10.14.1/firebase-auth/web-extension.js","functions":"https://www.gstatic.com/firebasejs/10.14.1/firebase-functions.js","firestore":"https://www.gstatic.com/firebasejs/10.14.1/firebase-firestore.js","firestore/lite":"https://www.gstatic.com/firebasejs/10.14.1/firebase-firestore/lite.js","installations":"https://www.gstatic.com/firebasejs/10.14.1/firebase-installations.js","storage":"https://www.gstatic.com/firebasejs/10.14.1/firebase-storage.js","performance":"https://www.gstatic.com/firebasejs/10.14.1/firebase-performance.js","remote-config":"https://www.gstatic.com/firebasejs/10.14.1/firebase-remote-config.js","messaging":"https://www.gstatic.com/firebasejs/10.14.1/firebase-messaging.js","messaging/sw":"https://www.gstatic.com/firebasejs/10.14.1/firebase-messaging/sw.js","database":"https://www.gstatic.com/firebasejs/10.14.1/firebase-database.js","data-connect":"https://www.gstatic.com/firebasejs/10.14.1/firebase-data-connect.js","vertexai-preview":"https://www.gstatic.com/firebasejs/10.14.1/firebase-vertexai-preview.js","firestore.memory":"https://www.gstatic.com/firebasejs/10.14.1/firebase-firestore.memory.js"}}
[info] +  Wrote public/index.html 
[info] 
[info] i  Detected a .git folder at G:\ORIGIN HACK\Originfest-hack 
[info] i  Authorizing with GitHub to upload your service account to a GitHub repository's secrets store. 
[info] 
[info] Visit this URL on this device to log in:
[info] https://github.com/login/oauth/authorize?client_id=89cf50f02ac6aaed3484&state=419981946&redirect_uri=http%3A%2F%2Flocalhost%3A9005&scope=read%3Auser%20repo%20public_repo
[info] 
[info] Waiting for authentication...
[debug] [2024-10-19T08:34:42.450Z] >>> [apiv2][query] POST https://github.com/login/oauth/access_token [none]
[debug] [2024-10-19T08:34:42.451Z] >>> [apiv2][body] POST https://github.com/login/oauth/access_token [stream]
[debug] [2024-10-19T08:34:43.133Z] <<< [apiv2][status] POST https://github.com/login/oauth/access_token 200
[debug] [2024-10-19T08:34:43.133Z] <<< [apiv2][body] POST https://github.com/login/oauth/access_token {"access_token":"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","token_type":"bearer","scope":"read:user,repo"}
[debug] [2024-10-19T08:34:43.145Z] >>> [apiv2][query] GET https://api.github.com/user [none]
[debug] [2024-10-19T08:34:44.110Z] <<< [apiv2][status] GET https://api.github.com/user 200
[debug] [2024-10-19T08:34:44.110Z] <<< [apiv2][body] GET https://api.github.com/user {"login":"VynceUpp","id":92018011,"node_id":"U_kgDOBXwVWw","avatar_url":"https://avatars.githubusercontent.com/u/92018011?v=4","gravatar_id":"","url":"https://api.github.com/users/VynceUpp","html_url":"https://github.com/VynceUpp","followers_url":"https://api.github.com/users/VynceUpp/followers","following_url":"https://api.github.com/users/VynceUpp/following{/other_user}","gists_url":"https://api.github.com/users/VynceUpp/gists{/gist_id}","starred_url":"https://api.github.com/users/VynceUpp/starred{/owner}{/repo}","subscriptions_url":"https://api.github.com/users/VynceUpp/subscriptions","organizations_url":"https://api.github.com/users/VynceUpp/orgs","repos_url":"https://api.github.com/users/VynceUpp/repos","events_url":"https://api.github.com/users/VynceUpp/events{/privacy}","received_events_url":"https://api.github.com/users/VynceUpp/received_events","type":"User","user_view_type":"private","site_admin":false,"name":null,"company":null,"blog":"","location":null,"email":null,"hireable":null,"bio":null,"twitter_username":null,"notification_email":null,"public_repos":9,"public_gists":0,"followers":0,"following":2,"created_at":"2021-10-06T07:59:33Z","updated_at":"2024-10-13T08:46:57Z","private_gists":0,"total_private_repos":4,"owned_private_repos":4,"disk_usage":96253,"collaborators":1,"two_factor_authentication":true,"plan":{"name":"free","space":976562499,"collaborators":0,"private_repos":10000}}
[info] 
[info] +  Success! Logged into GitHub as VynceUpp 
[info] 
[debug] [2024-10-19T08:35:46.466Z] >>> [apiv2][query] GET https://api.github.com/repos/https://github.com/stephen-njiu/jamiihub/tree/community-web-app/actions/secrets/public-key type=owner
[debug] [2024-10-19T08:35:47.658Z] <<< [apiv2][status] GET https://api.github.com/repos/https://github.com/stephen-njiu/jamiihub/tree/community-web-app/actions/secrets/public-key 404
[debug] [2024-10-19T08:35:47.658Z] <<< [apiv2][body] GET https://api.github.com/repos/https://github.com/stephen-njiu/jamiihub/tree/community-web-app/actions/secrets/public-key {"message":"Not Found","documentation_url":"https://docs.github.com/rest","status":"404"}
[info] 
[info] 
[error] !  The provided authorization cannot be used with this repository. If this repository is in an organization, did you remember to grant access? 
[info] 
[info] i  Action required: Visit this URL to ensure access has been granted to the appropriate organization(s) for the Firebase CLI GitHub OAuth App: 
[info] https://github.com/settings/connections/applications/89cf50f02ac6aaed3484
[info] 
[debug] [2024-10-19T08:37:32.075Z] >>> [apiv2][query] GET https://api.github.com/repos/https://github.com/stephen-njiu/jamiihub/actions/secrets/public-key type=owner
[debug] [2024-10-19T08:37:35.213Z] <<< [apiv2][status] GET https://api.github.com/repos/https://github.com/stephen-njiu/jamiihub/actions/secrets/public-key 404
[debug] [2024-10-19T08:37:35.213Z] <<< [apiv2][body] GET https://api.github.com/repos/https://github.com/stephen-njiu/jamiihub/actions/secrets/public-key {"message":"Not Found","documentation_url":"https://docs.github.com/rest","status":"404"}
[info] 
[info] 
[error] !  The provided authorization cannot be used with this repository. If this repository is in an organization, did you remember to grant access? 
[info] 
[info] i  Action required: Visit this URL to ensure access has been granted to the appropriate organization(s) for the Firebase CLI GitHub OAuth App: 
[info] https://github.com/settings/connections/applications/89cf50f02ac6aaed3484
[info] 
[debug] [2024-10-19T08:37:43.343Z] >>> [apiv2][query] GET https://api.github.com/repos/https://github.com/stephen-njiu/jamiihub/actions/secrets/public-key type=owner
[debug] [2024-10-19T08:37:44.090Z] <<< [apiv2][status] GET https://api.github.com/repos/https://github.com/stephen-njiu/jamiihub/actions/secrets/public-key 404
[debug] [2024-10-19T08:37:44.091Z] <<< [apiv2][body] GET https://api.github.com/repos/https://github.com/stephen-njiu/jamiihub/actions/secrets/public-key {"message":"Not Found","documentation_url":"https://docs.github.com/rest","status":"404"}
[info] 
[info] 
[error] !  The provided authorization cannot be used with this repository. If this repository is in an organization, did you remember to grant access? 
[info] 
[info] i  Action required: Visit this URL to ensure access has been granted to the appropriate organization(s) for the Firebase CLI GitHub OAuth App: 
[info] https://github.com/settings/connections/applications/89cf50f02ac6aaed3484
[info] 
